/*C40*/SET SCHEMA PUBLIC
CONNECT USER SA
SET AUTOCOMMIT FALSE
/*C41*/SET SCHEMA PUBLIC
CONNECT USER SA
SET AUTOCOMMIT FALSE
INSERT INTO NOTAINFORMATIVA VALUES(12,'4',4.0E0,1)
COMMIT
DELETE FROM NOTAINFORMATIVA WHERE ID_NOTAINFORMATIVA=12
COMMIT
DELETE FROM NOTAINFORMATIVA WHERE ID_NOTAINFORMATIVA=10
COMMIT
DELETE FROM NOTAINFORMATIVA WHERE ID_NOTAINFORMATIVA=11
COMMIT
DELETE FROM NOTAINFORMATIVA WHERE ID_NOTAINFORMATIVA=9
COMMIT
INSERT INTO NOTAINFORMATIVA VALUES(13,'4',4.0E0,1)
COMMIT
/*C42*/SET SCHEMA PUBLIC
CONNECT USER SA
SET AUTOCOMMIT FALSE
/*C43*/SET SCHEMA PUBLIC
CONNECT USER SA
SET AUTOCOMMIT FALSE
/*C44*/SET SCHEMA PUBLIC
CONNECT USER SA
SET AUTOCOMMIT FALSE
/*C45*/SET SCHEMA PUBLIC
CONNECT USER SA
SET AUTOCOMMIT FALSE
/*C46*/SET SCHEMA PUBLIC
CONNECT USER SA
SET AUTOCOMMIT FALSE
/*C47*/SET SCHEMA PUBLIC
CONNECT USER SA
SET AUTOCOMMIT FALSE
DISCONNECT
/*C48*/SET SCHEMA PUBLIC
CONNECT USER SA
SET AUTOCOMMIT FALSE
DELETE FROM NOTAINFORMATIVA WHERE ID_NOTAINFORMATIVA=13
INSERT INTO NOTAINFORMATIVA VALUES(13,'5',4.0E0,1)
COMMIT
DISCONNECT
/*C49*/SET SCHEMA PUBLIC
CONNECT USER SA
SET AUTOCOMMIT FALSE
DELETE FROM NOTAINFORMATIVA WHERE ID_NOTAINFORMATIVA=13
INSERT INTO NOTAINFORMATIVA VALUES(13,'555555555',4.8E0,1)
COMMIT
/*C50*/SET SCHEMA PUBLIC
CONNECT USER SA
SET AUTOCOMMIT FALSE
DISCONNECT
/*C51*/SET SCHEMA PUBLIC
CONNECT USER SA
SET AUTOCOMMIT FALSE
/*C52*/SET SCHEMA PUBLIC
CONNECT USER SA
SET AUTOCOMMIT FALSE
/*C53*/SET SCHEMA PUBLIC
CONNECT USER SA
SET AUTOCOMMIT FALSE
INSERT INTO NOTAINFORMATIVA VALUES(14,'2',2.0E0,1)
COMMIT
INSERT INTO NOTAINFORMATIVA VALUES(15,'3',3.0E0,1)
COMMIT
DISCONNECT
/*C54*/SET SCHEMA PUBLIC
CONNECT USER SA
SET AUTOCOMMIT FALSE
DELETE FROM NOTAINFORMATIVA WHERE ID_NOTAINFORMATIVA=13
INSERT INTO NOTAINFORMATIVA VALUES(13,'5555',4.8E0,1)
COMMIT
DISCONNECT
/*C55*/SET SCHEMA PUBLIC
CONNECT USER SA
SET AUTOCOMMIT FALSE
DISCONNECT
/*C56*/SET SCHEMA PUBLIC
CONNECT USER SA
SET AUTOCOMMIT FALSE
/*C57*/SET SCHEMA PUBLIC
CONNECT USER SA
SET AUTOCOMMIT FALSE
/*C58*/SET SCHEMA PUBLIC
CONNECT USER SA
SET AUTOCOMMIT FALSE
DELETE FROM NOTAINFORMATIVA WHERE ID_NOTAINFORMATIVA=15
INSERT INTO NOTAINFORMATIVA VALUES(15,'4',3.0E0,1)
COMMIT
DISCONNECT
/*C59*/SET SCHEMA PUBLIC
CONNECT USER SA
SET AUTOCOMMIT FALSE
DISCONNECT
/*C60*/SET SCHEMA PUBLIC
CONNECT USER SA
SET AUTOCOMMIT FALSE
/*C61*/SET SCHEMA PUBLIC
CONNECT USER SA
SET AUTOCOMMIT FALSE
/*C62*/SET SCHEMA PUBLIC
CONNECT USER SA
SET AUTOCOMMIT FALSE
DELETE FROM NOTAINFORMATIVA WHERE ID_NOTAINFORMATIVA=14
INSERT INTO NOTAINFORMATIVA VALUES(14,'3',2.0E0,1)
COMMIT
/*C63*/SET SCHEMA PUBLIC
CONNECT USER SA
SET AUTOCOMMIT FALSE
DELETE FROM NOTAINFORMATIVA WHERE ID_NOTAINFORMATIVA=14
INSERT INTO NOTAINFORMATIVA VALUES(14,'4',4.0E0,1)
COMMIT
/*C62*/DISCONNECT
/*C63*/DISCONNECT
/*C64*/SET SCHEMA PUBLIC
CONNECT USER SA
SET AUTOCOMMIT FALSE
/*C65*/SET SCHEMA PUBLIC
CONNECT USER SA
SET AUTOCOMMIT FALSE
DELETE FROM NOTAINFORMATIVA WHERE ID_NOTAINFORMATIVA=15
INSERT INTO NOTAINFORMATIVA VALUES(15,'5',3.0E0,1)
COMMIT
/*C66*/SET SCHEMA PUBLIC
CONNECT USER SA
SET AUTOCOMMIT FALSE
/*C67*/SET SCHEMA PUBLIC
CONNECT USER SA
SET AUTOCOMMIT FALSE
/*C68*/SET SCHEMA PUBLIC
CONNECT USER SA
SET AUTOCOMMIT FALSE
DELETE FROM FACTURA WHERE NUMFACTURA=0
COMMIT
INSERT INTO FACTURA VALUES(1,1,'5',13)
COMMIT
/*C69*/SET SCHEMA PUBLIC
CONNECT USER SA
SET AUTOCOMMIT FALSE
/*C68*/DISCONNECT
/*C69*/DISCONNECT
/*C70*/SET SCHEMA PUBLIC
CONNECT USER SA
SET AUTOCOMMIT FALSE
DELETE FROM FACTURA WHERE NUMFACTURA=1
INSERT INTO FACTURA VALUES(1,1,'6',13)
COMMIT
DELETE FROM FACTURA WHERE NUMFACTURA=1
INSERT INTO FACTURA VALUES(1,1,'6',14)
COMMIT
DISCONNECT
/*C71*/SET SCHEMA PUBLIC
CONNECT USER SA
SET AUTOCOMMIT FALSE
/*C72*/SET SCHEMA PUBLIC
CONNECT USER SA
SET AUTOCOMMIT FALSE
/*C73*/SET SCHEMA PUBLIC
CONNECT USER SA
SET AUTOCOMMIT FALSE
/*C74*/SET SCHEMA PUBLIC
CONNECT USER SA
SET AUTOCOMMIT FALSE
DISCONNECT
/*C75*/SET SCHEMA PUBLIC
CONNECT USER SA
SET AUTOCOMMIT FALSE
INSERT INTO CONCEPTO VALUES(0,NULL,'hola que ase\u000a')
COMMIT
DISCONNECT
/*C76*/SET SCHEMA PUBLIC
CONNECT USER SA
SET AUTOCOMMIT FALSE
/*C77*/SET SCHEMA PUBLIC
CONNECT USER SA
SET AUTOCOMMIT FALSE
/*C78*/SET SCHEMA PUBLIC
CONNECT USER SA
SET AUTOCOMMIT FALSE
/*C79*/SET SCHEMA PUBLIC
CONNECT USER SA
SET AUTOCOMMIT FALSE
DISCONNECT
/*C80*/SET SCHEMA PUBLIC
CONNECT USER SA
SET AUTOCOMMIT FALSE
INSERT INTO CONCEPTO VALUES(1,NULL,'aksdasd')
COMMIT
INSERT INTO LINEAFACTURA VALUES(0,4.0E0,'4234234',1,1)
COMMIT
INSERT INTO NOTAINFORMATIVA VALUES(16,'5',5.0E0,1)
COMMIT
INSERT INTO FACTURA VALUES(2,1,'5',14)
COMMIT
DISCONNECT
/*C81*/SET SCHEMA PUBLIC
CONNECT USER SA
SET AUTOCOMMIT FALSE
INSERT INTO CONCEPTO VALUES(2,NULL,'Esto es una carta')
COMMIT
DELETE FROM CONCEPTO WHERE ID_CONCEPTO=1
INSERT INTO CONCEPTO VALUES(1,NULL,'Carta editada')
COMMIT
/*C82*/SET SCHEMA PUBLIC
CONNECT USER SA
SET AUTOCOMMIT FALSE
DELETE FROM CONCEPTO WHERE ID_CONCEPTO=2
INSERT INTO CONCEPTO VALUES(2,NULL,'Esto es un concepto')
COMMIT
/*C83*/SET SCHEMA PUBLIC
CONNECT USER SA
SET AUTOCOMMIT FALSE
DISCONNECT
/*C84*/SET SCHEMA PUBLIC
CONNECT USER SA
SET AUTOCOMMIT FALSE
/*C85*/SET SCHEMA PUBLIC
CONNECT USER SA
SET AUTOCOMMIT FALSE
DELETE FROM CONCEPTO WHERE ID_CONCEPTO=1
INSERT INTO CONCEPTO VALUES(1,NULL,'conceto editao')
COMMIT
/*C86*/SET SCHEMA PUBLIC
CONNECT USER SA
SET AUTOCOMMIT FALSE
DELETE FROM CONCEPTO WHERE ID_CONCEPTO=2
COMMIT
DELETE FROM CONCEPTO WHERE ID_CONCEPTO=0
COMMIT
INSERT INTO CONCEPTO VALUES(3,NULL,'otro concepto')
COMMIT
/*C84*/DISCONNECT
/*C86*/DISCONNECT
/*C85*/DISCONNECT
/*C87*/SET SCHEMA PUBLIC
CONNECT USER SA
SET AUTOCOMMIT FALSE
INSERT INTO LINEAFACTURA VALUES(1,25.0E0,'campo obser',2,3)
COMMIT
/*C88*/SET SCHEMA PUBLIC
CONNECT USER SA
SET AUTOCOMMIT FALSE
DELETE FROM LINEAFACTURA WHERE ID_LINEAFACTURA=1
DELETE FROM FACTURA WHERE NUMFACTURA=2
COMMIT
DELETE FROM LINEAFACTURA WHERE ID_LINEAFACTURA=0
DELETE FROM FACTURA WHERE NUMFACTURA=1
COMMIT
/*C89*/SET SCHEMA PUBLIC
CONNECT USER SA
SET AUTOCOMMIT FALSE
DELETE FROM CONCEPTO WHERE ID_CONCEPTO=3
COMMIT
DELETE FROM CONCEPTO WHERE ID_CONCEPTO=1
COMMIT
INSERT INTO FACTURA VALUES(3,1,'25/5/2010',14)
COMMIT
INSERT INTO FACTURA VALUES(4,1,'25/5/2010',13)
COMMIT
/*C90*/SET SCHEMA PUBLIC
CONNECT USER SA
SET AUTOCOMMIT FALSE
/*C91*/SET SCHEMA PUBLIC
CONNECT USER SA
SET AUTOCOMMIT FALSE
/*C89*/DISCONNECT
/*C90*/DISCONNECT
/*C91*/DISCONNECT
/*C92*/SET SCHEMA PUBLIC
CONNECT USER SA
SET AUTOCOMMIT FALSE
INSERT INTO RECIBOINMUEBLE VALUES(0,'30/5/2010',NULL,1,13,1)
COMMIT
INSERT INTO CONCEPTO VALUES(4,NULL,'Ventana rota')
COMMIT
DISCONNECT
/*C93*/SET SCHEMA PUBLIC
CONNECT USER SA
SET AUTOCOMMIT FALSE
INSERT INTO LINEAFACTURA VALUES(2,300.0E0,'esta muy rota',3,4)
COMMIT
/*C94*/SET SCHEMA PUBLIC
CONNECT USER SA
SET AUTOCOMMIT FALSE
/*C95*/SET SCHEMA PUBLIC
CONNECT USER SA
SET AUTOCOMMIT FALSE
INSERT INTO PROPIETARIO VALUES(1,'4005683','Pepito Palotes','Calle falsa 123','Springfield','555-3451','Ascensor, no descensor','19/08/1900')
COMMIT
DISCONNECT
/*C96*/SET SCHEMA PUBLIC
CONNECT USER SA
SET AUTOCOMMIT FALSE
/*C97*/SET SCHEMA PUBLIC
CONNECT USER SA
SET AUTOCOMMIT FALSE
/*C98*/SET SCHEMA PUBLIC
CONNECT USER SA
SET AUTOCOMMIT FALSE
INSERT INTO LINEAFACTURA VALUES(3,2.0E0,'3',4,4)
COMMIT
/*C99*/SET SCHEMA PUBLIC
CONNECT USER SA
SET AUTOCOMMIT FALSE
DELETE FROM LINEAFACTURA WHERE ID_LINEAFACTURA=3
COMMIT
DISCONNECT
/*C100*/SET SCHEMA PUBLIC
CONNECT USER SA
SET AUTOCOMMIT FALSE
/*C101*/SET SCHEMA PUBLIC
CONNECT USER SA
SET AUTOCOMMIT FALSE
/*C102*/SET SCHEMA PUBLIC
CONNECT USER SA
SET AUTOCOMMIT FALSE
DISCONNECT
/*C103*/SET SCHEMA PUBLIC
CONNECT USER SA
SET AUTOCOMMIT FALSE
/*C104*/SET SCHEMA PUBLIC
CONNECT USER SA
SET AUTOCOMMIT FALSE
/*C105*/SET SCHEMA PUBLIC
CONNECT USER SA
SET AUTOCOMMIT FALSE
/*C106*/SET SCHEMA PUBLIC
CONNECT USER SA
SET AUTOCOMMIT FALSE
/*C107*/SET SCHEMA PUBLIC
CONNECT USER SA
SET AUTOCOMMIT FALSE
